0 info it worked if it ends with ok
1 verbose cli [ '/usr/local/bin/node',
1 verbose cli   '/usr/local/bin/npm',
1 verbose cli   'install',
1 verbose cli   '-g',
1 verbose cli   'firebase-tools' ]
2 info using npm@2.14.7
3 info using node@v4.2.3
4 verbose install initial load of /usr/local/lib/package.json
5 verbose readDependencies loading dependencies from /usr/local/lib/package.json
6 silly cache add args [ 'firebase-tools', null ]
7 verbose cache add spec firebase-tools
8 silly cache add parsed spec Result {
8 silly cache add   raw: 'firebase-tools',
8 silly cache add   scope: null,
8 silly cache add   name: 'firebase-tools',
8 silly cache add   rawSpec: '',
8 silly cache add   spec: '*',
8 silly cache add   type: 'range' }
9 silly addNamed firebase-tools@*
10 verbose addNamed "*" is a valid semver range for firebase-tools
11 silly addNameRange { name: 'firebase-tools', range: '*', hasData: false }
12 silly mapToRegistry name firebase-tools
13 silly mapToRegistry using default registry
14 silly mapToRegistry registry https://registry.npmjs.org/
15 silly mapToRegistry uri https://registry.npmjs.org/firebase-tools
16 verbose addNameRange registry:https://registry.npmjs.org/firebase-tools not in flight; fetching
17 verbose request uri https://registry.npmjs.org/firebase-tools
18 verbose request no auth needed
19 info attempt registry request try #1 at 2:42:04 PM
20 verbose request id 4a5fbca9c1542d97
21 verbose etag "39VBMNAXTKGZ5FVMBSPWXR2ZH"
22 http request GET https://registry.npmjs.org/firebase-tools
23 http 304 https://registry.npmjs.org/firebase-tools
24 verbose headers { date: 'Tue, 05 Jan 2016 19:42:05 GMT',
24 verbose headers   via: '1.1 varnish',
24 verbose headers   'cache-control': 'max-age=300',
24 verbose headers   etag: '"39VBMNAXTKGZ5FVMBSPWXR2ZH"',
24 verbose headers   age: '0',
24 verbose headers   connection: 'keep-alive',
24 verbose headers   'x-served-by': 'cache-ord1721-ORD',
24 verbose headers   'x-cache': 'MISS',
24 verbose headers   'x-cache-hits': '0',
24 verbose headers   'x-timer': 'S1452022925.154301,VS0,VE438',
24 verbose headers   vary: 'Accept' }
25 silly get cb [ 304,
25 silly get   { date: 'Tue, 05 Jan 2016 19:42:05 GMT',
25 silly get     via: '1.1 varnish',
25 silly get     'cache-control': 'max-age=300',
25 silly get     etag: '"39VBMNAXTKGZ5FVMBSPWXR2ZH"',
25 silly get     age: '0',
25 silly get     connection: 'keep-alive',
25 silly get     'x-served-by': 'cache-ord1721-ORD',
25 silly get     'x-cache': 'MISS',
25 silly get     'x-cache-hits': '0',
25 silly get     'x-timer': 'S1452022925.154301,VS0,VE438',
25 silly get     vary: 'Accept' } ]
26 verbose etag https://registry.npmjs.org/firebase-tools from cache
27 verbose get saving firebase-tools to /Volumes/Data/LaurenDogan/.npm/registry.npmjs.org/firebase-tools/.cache.json
28 silly addNameRange number 2 { name: 'firebase-tools', range: '*', hasData: true }
29 silly addNameRange versions [ 'firebase-tools',
29 silly addNameRange   [ '0.0.1',
29 silly addNameRange     '0.0.2',
29 silly addNameRange     '0.0.3',
29 silly addNameRange     '0.0.4',
29 silly addNameRange     '0.0.5',
29 silly addNameRange     '0.0.6',
29 silly addNameRange     '0.1.0',
29 silly addNameRange     '0.1.1',
29 silly addNameRange     '0.1.2',
29 silly addNameRange     '0.1.3',
29 silly addNameRange     '0.1.4',
29 silly addNameRange     '0.1.5',
29 silly addNameRange     '0.1.6',
29 silly addNameRange     '0.2.0',
29 silly addNameRange     '0.3.0',
29 silly addNameRange     '0.4.0',
29 silly addNameRange     '0.5.0',
29 silly addNameRange     '1.0.0',
29 silly addNameRange     '1.0.1',
29 silly addNameRange     '1.0.2',
29 silly addNameRange     '1.0.3',
29 silly addNameRange     '1.0.4',
29 silly addNameRange     '1.0.5',
29 silly addNameRange     '1.0.6',
29 silly addNameRange     '1.1.0',
29 silly addNameRange     '1.1.1',
29 silly addNameRange     '1.1.2',
29 silly addNameRange     '1.1.3',
29 silly addNameRange     '1.1.4',
29 silly addNameRange     '1.1.5',
29 silly addNameRange     '1.1.6',
29 silly addNameRange     '1.2.0',
29 silly addNameRange     '2.0.0',
29 silly addNameRange     '2.0.1',
29 silly addNameRange     '2.0.2',
29 silly addNameRange     '2.1.0',
29 silly addNameRange     '2.1.1',
29 silly addNameRange     '2.2.0' ] ]
30 silly addNamed firebase-tools@2.2.0
31 verbose addNamed "2.2.0" is a plain semver version for firebase-tools
32 silly cache afterAdd firebase-tools@2.2.0
33 verbose afterAdd /Volumes/Data/LaurenDogan/.npm/firebase-tools/2.2.0/package/package.json not in flight; writing
34 verbose afterAdd /Volumes/Data/LaurenDogan/.npm/firebase-tools/2.2.0/package/package.json written
35 silly install resolved [ { name: 'firebase-tools',
35 silly install resolved     version: '2.2.0',
35 silly install resolved     description: 'Command-Line Interface for Firebase',
35 silly install resolved     main: 'index.js',
35 silly install resolved     bin: { firebase: './bin/firebase' },
35 silly install resolved     scripts: { test: 'gulp' },
35 silly install resolved     repository:
35 silly install resolved      { type: 'git',
35 silly install resolved        url: 'git+https://github.com/firebase/firebase-tools.git' },
35 silly install resolved     keywords:
35 silly install resolved      [ 'cdn',
35 silly install resolved        'cli',
35 silly install resolved        'ssl',
35 silly install resolved        'cloud',
35 silly install resolved        'hosting',
35 silly install resolved        'firebase',
35 silly install resolved        'realtime',
35 silly install resolved        'websockets',
35 silly install resolved        'synchronization' ],
35 silly install resolved     preferGlobal: true,
35 silly install resolved     engines: { node: '>=0.10.0' },
35 silly install resolved     'engine-strict': true,
35 silly install resolved     author:
35 silly install resolved      { name: 'Firebase',
35 silly install resolved        email: 'support@firebase.com',
35 silly install resolved        url: 'https://www.firebase.com/' },
35 silly install resolved     license: 'MIT',
35 silly install resolved     bugs: { url: 'https://github.com/firebase/firebase-tools/issues' },
35 silly install resolved     files: [ 'bin/**', 'lib/**', 'commands/**', 'templates/**', 'index.js' ],
35 silly install resolved     homepage: 'https://github.com/firebase/firebase-tools',
35 silly install resolved     dependencies:
35 silly install resolved      { chalk: '^1.1.0',
35 silly install resolved        cjson: '^0.3.1',
35 silly install resolved        'cli-table': '^0.3.1',
35 silly install resolved        commander: '^2.8.1',
35 silly install resolved        'concat-stream': '^1.5.0',
35 silly install resolved        configstore: '^1.2.0',
35 silly install resolved        didyoumean: '^1.2.1',
35 silly install resolved        'exit-code': '^1.0.2',
35 silly install resolved        filesize: '^3.1.3',
35 silly install resolved        firebase: '2.x.x',
35 silly install resolved        'fs-extra': '^0.23.1',
35 silly install resolved        'fstream-ignore': '^1.0.2',
35 silly install resolved        inquirer: '^0.8.5',
35 silly install resolved        jsonschema: '^1.0.2',
35 silly install resolved        lodash: '^3.10.0',
35 silly install resolved        'node-uuid': '^1.4.3',
35 silly install resolved        open: '0.0.5',
35 silly install resolved        progress: '^1.1.8',
35 silly install resolved        request: '^2.58.0',
35 silly install resolved        rsvp: '^3.0.18',
35 silly install resolved        semver: '^5.0.3',
35 silly install resolved        superstatic: '^4.0',
35 silly install resolved        tar: '^2.2.0',
35 silly install resolved        through: '^2.3.8',
35 silly install resolved        tmp: '0.0.27',
35 silly install resolved        'universal-analytics': '^0.3.9',
35 silly install resolved        'update-notifier': '^0.5.0',
35 silly install resolved        'user-home': '^2.0.0',
35 silly install resolved        uuid: '^2.0.1',
35 silly install resolved        winston: '^1.0.1' },
35 silly install resolved     devDependencies:
35 silly install resolved      { chai: '^3.0.0',
35 silly install resolved        'chai-as-promised': '^5.1.0',
35 silly install resolved        coveralls: '2.11.2',
35 silly install resolved        eslint: '^1.4.1',
35 silly install resolved        gulp: '^3.9.0',
35 silly install resolved        'gulp-eslint': '^1.0.0',
35 silly install resolved        'gulp-exit': '0.0.2',
35 silly install resolved        'gulp-istanbul': '^0.10.0',
35 silly install resolved        'gulp-mocha': '^2.1.2',
35 silly install resolved        'jshint-stylish': '^2.0.1',
35 silly install resolved        nock: '^2.10.0' },
35 silly install resolved     gitHead: '78f648d0195dfec6cd73728deae8aaaba7f8a782',
35 silly install resolved     _id: 'firebase-tools@2.2.0',
35 silly install resolved     _shasum: 'a05a355fb7d17fa03a563ba29d8c30973f22fe1f',
35 silly install resolved     _from: 'firebase-tools@*',
35 silly install resolved     _npmVersion: '2.7.5',
35 silly install resolved     _nodeVersion: '0.10.38',
35 silly install resolved     _npmUser: { name: 'firebase', email: 'operations@firebase.com' },
35 silly install resolved     maintainers: [ [Object] ],
35 silly install resolved     dist:
35 silly install resolved      { shasum: 'a05a355fb7d17fa03a563ba29d8c30973f22fe1f',
35 silly install resolved        tarball: 'http://registry.npmjs.org/firebase-tools/-/firebase-tools-2.2.0.tgz' },
35 silly install resolved     directories: {},
35 silly install resolved     _resolved: 'https://registry.npmjs.org/firebase-tools/-/firebase-tools-2.2.0.tgz',
35 silly install resolved     readme: 'ERROR: No README data found!' } ]
36 info install firebase-tools@2.2.0 into /usr/local/lib
37 info installOne firebase-tools@2.2.0
38 verbose installOne of firebase-tools to /usr/local/lib not in flight; installing
39 verbose lock using /Volumes/Data/LaurenDogan/.npm/_locks/firebase-tools-10d1b8d676fd02fa.lock for /usr/local/lib/node_modules/firebase-tools
40 silly install write writing firebase-tools 2.2.0 to /usr/local/lib/node_modules/firebase-tools
41 verbose unbuild lib/node_modules/firebase-tools
42 silly gentlyRm /usr/local/lib/node_modules/firebase-tools is being purged from base /usr/local
43 verbose gentlyRm don't care about contents; nuking /usr/local/lib/node_modules/firebase-tools
44 verbose tar unpack /Volumes/Data/LaurenDogan/.npm/firebase-tools/2.2.0/package.tgz
45 verbose tar unpacking to /usr/local/lib/node_modules/firebase-tools
46 silly gentlyRm /usr/local/lib/node_modules/firebase-tools is being purged
47 verbose gentlyRm don't care about contents; nuking /usr/local/lib/node_modules/firebase-tools
48 silly gunzTarPerm modes [ '755', '644' ]
49 error tar.unpack untar error /Volumes/Data/LaurenDogan/.npm/firebase-tools/2.2.0/package.tgz
50 verbose unlock done using /Volumes/Data/LaurenDogan/.npm/_locks/firebase-tools-10d1b8d676fd02fa.lock for /usr/local/lib/node_modules/firebase-tools
51 verbose fstream_path /usr/local/lib/node_modules/firebase-tools
52 verbose fstream_type Directory
53 verbose fstream_class DirWriter
54 verbose stack Error: EACCES: permission denied, mkdir '/usr/local/lib/node_modules/firebase-tools'
54 verbose stack     at Error (native)
55 verbose fstream_stack /usr/local/lib/node_modules/npm/node_modules/fstream/lib/dir-writer.js:35:25
55 verbose fstream_stack /usr/local/lib/node_modules/npm/node_modules/mkdirp/index.js:47:53
55 verbose fstream_stack FSReqWrap.oncomplete (fs.js:82:15)
56 verbose cwd /Volumes/Data/LaurenDogan/Public/School/Lauren/2015-2016 Bloc Online/FrontEnd/bloc-it-off
57 error Darwin 14.5.0
58 error argv "/usr/local/bin/node" "/usr/local/bin/npm" "install" "-g" "firebase-tools"
59 error node v4.2.3
60 error npm  v2.14.7
61 error path /usr/local/lib/node_modules/firebase-tools
62 error code EACCES
63 error errno -13
64 error syscall mkdir
65 error Error: EACCES: permission denied, mkdir '/usr/local/lib/node_modules/firebase-tools'
65 error     at Error (native)
65 error  { [Error: EACCES: permission denied, mkdir '/usr/local/lib/node_modules/firebase-tools']
65 error   errno: -13,
65 error   code: 'EACCES',
65 error   syscall: 'mkdir',
65 error   path: '/usr/local/lib/node_modules/firebase-tools',
65 error   fstream_type: 'Directory',
65 error   fstream_path: '/usr/local/lib/node_modules/firebase-tools',
65 error   fstream_class: 'DirWriter',
65 error   fstream_stack:
65 error    [ '/usr/local/lib/node_modules/npm/node_modules/fstream/lib/dir-writer.js:35:25',
65 error      '/usr/local/lib/node_modules/npm/node_modules/mkdirp/index.js:47:53',
65 error      'FSReqWrap.oncomplete (fs.js:82:15)' ] }
66 error Please try running this command again as root/Administrator.
67 verbose exit [ -13, true ]
68 verbose unbuild lib/node_modules/firebase-tools
69 silly gentlyRm /usr/local/lib/node_modules/firebase-tools is being purged from base /usr/local
70 verbose gentlyRm don't care about contents; nuking /usr/local/lib/node_modules/firebase-tools
